{
  "RSpec": {
    "coverage": {
      "/Users/macbook/RubymineProjects/test_cr_api/app/models/customer.rb": {
        "lines": [
          1,
          1,
          null
        ]
      },
      "/Users/macbook/RubymineProjects/test_cr_api/app/models/application_record.rb": {
        "lines": [
          1,
          1,
          null
        ]
      },
      "/Users/macbook/RubymineProjects/test_cr_api/app/models/medicine.rb": {
        "lines": [
          1,
          1,
          null,
          1,
          1,
          null,
          1,
          1,
          null,
          null
        ]
      },
      "/Users/macbook/RubymineProjects/test_cr_api/lib/calcs/cart_calc.rb": {
        "lines": [
          1,
          1,
          null,
          1,
          5,
          null,
          null,
          1,
          4,
          4,
          4,
          null,
          4,
          null,
          null,
          1,
          1,
          1,
          null,
          null,
          null
        ]
      },
      "/Users/macbook/RubymineProjects/test_cr_api/app/models/cart_item.rb": {
        "lines": [
          1,
          1,
          1,
          null
        ]
      },
      "/Users/macbook/RubymineProjects/test_cr_api/app/models/cart.rb": {
        "lines": [
          1,
          1,
          1,
          null,
          1,
          null,
          1,
          null
        ]
      },
      "/Users/macbook/RubymineProjects/test_cr_api/app/models/discount_plan.rb": {
        "lines": [
          1,
          null
        ]
      },
      "/Users/macbook/RubymineProjects/test_cr_api/app/services/cart_item_manager/build_cart_item.rb": {
        "lines": [
          1,
          1,
          1,
          null,
          1,
          6,
          6,
          null,
          null,
          1,
          6,
          6,
          2,
          null,
          4,
          null,
          null,
          null,
          1,
          null,
          1,
          6,
          null,
          null,
          null,
          null
        ]
      },
      "/Users/macbook/RubymineProjects/test_cr_api/app/services/application_service.rb": {
        "lines": [
          1,
          1,
          47,
          null,
          null
        ]
      },
      "/Users/macbook/RubymineProjects/test_cr_api/app/services/cart_item_manager/cart_item_adder.rb": {
        "lines": [
          1,
          1,
          1,
          null,
          1,
          4,
          4,
          4,
          null,
          null,
          null,
          1,
          4,
          4,
          4,
          4,
          4,
          null,
          null,
          null,
          null,
          null
        ]
      },
      "/Users/macbook/RubymineProjects/test_cr_api/app/services/cart_item_manager/cart_item_template.rb": {
        "lines": [
          1,
          1,
          null,
          1,
          10,
          null,
          null,
          1,
          9,
          null,
          null,
          1,
          9,
          null,
          null,
          null,
          null
        ]
      },
      "/Users/macbook/RubymineProjects/test_cr_api/app/services/cart_item_manager/cart_item_creator.rb": {
        "lines": [
          1,
          1,
          1,
          null,
          1,
          6,
          6,
          null,
          null,
          1,
          6,
          6,
          5,
          5,
          null,
          null,
          null,
          null
        ]
      },
      "/Users/macbook/RubymineProjects/test_cr_api/app/services/cart_manager/cart_destroyer.rb": {
        "lines": [
          1,
          1,
          null,
          1,
          3,
          null,
          null,
          1,
          3,
          3,
          3,
          null,
          null,
          null,
          1,
          null,
          1,
          3,
          1,
          null,
          null,
          null,
          null,
          null
        ]
      },
      "/Users/macbook/RubymineProjects/test_cr_api/app/services/cart_manager/cart_launcher.rb": {
        "lines": [
          1,
          1,
          null,
          1,
          4,
          4,
          null,
          null,
          1,
          4,
          3,
          3,
          3,
          null,
          null,
          1,
          null,
          1,
          4,
          4,
          3,
          null,
          null,
          1,
          3,
          3,
          0,
          null,
          3,
          null,
          null,
          null,
          1,
          3,
          null,
          null,
          1,
          3,
          null,
          null,
          null,
          null
        ]
      },
      "/Users/macbook/RubymineProjects/test_cr_api/app/services/customer_manager/customer_creator.rb": {
        "lines": [
          1,
          1,
          null,
          1,
          4,
          null,
          null,
          1,
          4,
          4,
          2,
          null,
          null,
          null
        ]
      },
      "/Users/macbook/RubymineProjects/test_cr_api/app/services/customer_manager/customer_destroyer.rb": {
        "lines": [
          1,
          1,
          null,
          1,
          2,
          null,
          null,
          1,
          2,
          null,
          null,
          null
        ]
      },
      "/Users/macbook/RubymineProjects/test_cr_api/app/services/customer_manager/customer_updator.rb": {
        "lines": [
          1,
          1,
          null,
          1,
          4,
          4,
          null,
          null,
          1,
          4,
          2,
          null,
          null,
          null
        ]
      },
      "/Users/macbook/RubymineProjects/test_cr_api/app/services/medicine_manager/medicine_creator.rb": {
        "lines": [
          1,
          1,
          null,
          1,
          4,
          null,
          null,
          1,
          4,
          4,
          2,
          null,
          null,
          null
        ]
      },
      "/Users/macbook/RubymineProjects/test_cr_api/app/services/medicine_manager/medicine_destroyer.rb": {
        "lines": [
          1,
          1,
          null,
          1,
          2,
          null,
          null,
          1,
          2,
          null,
          null,
          null
        ]
      },
      "/Users/macbook/RubymineProjects/test_cr_api/app/services/medicine_manager/medicine_stock_adder.rb": {
        "lines": [
          1,
          1,
          null,
          1,
          2,
          2,
          null,
          null,
          1,
          2,
          2,
          2,
          null,
          null,
          null,
          null
        ]
      },
      "/Users/macbook/RubymineProjects/test_cr_api/app/services/medicine_manager/medicine_stock_remover.rb": {
        "lines": [
          1,
          1,
          null,
          1,
          12,
          12,
          null,
          null,
          1,
          12,
          12,
          12,
          null,
          null,
          null,
          null
        ]
      },
      "/Users/macbook/RubymineProjects/test_cr_api/app/controllers/v1/customers/carts_controller.rb": {
        "lines": [
          1,
          1,
          1,
          1,
          1,
          null,
          1,
          2,
          null,
          1,
          null,
          null,
          null,
          1,
          1,
          null,
          null,
          null,
          1,
          1,
          1,
          null,
          null,
          1,
          null,
          1,
          null,
          2,
          null,
          null,
          null,
          1,
          4,
          null,
          null,
          1,
          2,
          null,
          null,
          null,
          null,
          null,
          null
        ]
      },
      "/Users/macbook/RubymineProjects/test_cr_api/app/controllers/application_controller.rb": {
        "lines": [
          1,
          1,
          1,
          null
        ]
      },
      "/Users/macbook/RubymineProjects/test_cr_api/app/controllers/concerns/response.rb": {
        "lines": [
          1,
          1,
          21,
          null,
          null
        ]
      },
      "/Users/macbook/RubymineProjects/test_cr_api/app/controllers/concerns/exception_handler.rb": {
        "lines": [
          1,
          1,
          null,
          1,
          1,
          6,
          null,
          null,
          1,
          1,
          null,
          null,
          null,
          1,
          4,
          null,
          null,
          null
        ]
      },
      "/Users/macbook/RubymineProjects/test_cr_api/lib/calcs/cart_item_calc.rb": {
        "lines": [
          1,
          1,
          null,
          1,
          9,
          null,
          null,
          1,
          9,
          null,
          null,
          null
        ]
      },
      "/Users/macbook/RubymineProjects/test_cr_api/app/serializers/cart_serializer.rb": {
        "lines": [
          1,
          1,
          1,
          null,
          1,
          2,
          null,
          1,
          null,
          1,
          null,
          null,
          null,
          null,
          2,
          null,
          null,
          null
        ]
      },
      "/Users/macbook/RubymineProjects/test_cr_api/app/serializers/customer_serializer.rb": {
        "lines": [
          1,
          1,
          1,
          null,
          1,
          null,
          1,
          5,
          null,
          null,
          1,
          null,
          null,
          null,
          null,
          5,
          null,
          null,
          null
        ]
      },
      "/Users/macbook/RubymineProjects/test_cr_api/app/controllers/v1/customers_controller.rb": {
        "lines": [
          1,
          null,
          1,
          null,
          null,
          1,
          1,
          null,
          1,
          null,
          null,
          null,
          1,
          2,
          1,
          null,
          null,
          null,
          1,
          1,
          null,
          null,
          null,
          1,
          2,
          1,
          null,
          null,
          null,
          1,
          1,
          1,
          null,
          null,
          1,
          null,
          1,
          null,
          4,
          null,
          null,
          1,
          6,
          null,
          null,
          null
        ]
      },
      "/Users/macbook/RubymineProjects/test_cr_api/app/controllers/v1/medicines_controller.rb": {
        "lines": [
          1,
          null,
          1,
          null,
          null,
          1,
          1,
          null,
          1,
          null,
          null,
          null,
          1,
          2,
          1,
          null,
          null,
          null,
          1,
          1,
          null,
          null,
          null,
          1,
          2,
          1,
          null,
          null,
          null,
          1,
          1,
          1,
          null,
          null,
          1,
          null,
          1,
          null,
          4,
          null,
          null,
          1,
          6,
          null,
          null,
          null
        ]
      },
      "/Users/macbook/RubymineProjects/test_cr_api/app/serializers/medicine_serializer.rb": {
        "lines": [
          1,
          1,
          1,
          null,
          1,
          null,
          null,
          null,
          null,
          3,
          null,
          null,
          null
        ]
      },
      "/Users/macbook/RubymineProjects/test_cr_api/app/services/medicine_manager/medicine_updator.rb": {
        "lines": [
          1,
          1,
          null,
          1,
          2,
          2,
          null,
          null,
          1,
          2,
          1,
          null,
          null,
          null
        ]
      },
      "/Users/macbook/RubymineProjects/test_cr_api/lib/calcs/discount_calc.rb": {
        "lines": [
          null,
          null,
          1,
          1,
          1,
          null,
          1,
          1,
          null,
          null,
          1,
          1,
          1,
          2,
          2,
          null,
          1,
          1,
          null,
          1,
          1,
          null,
          1,
          null,
          null,
          1,
          null,
          null,
          1,
          null,
          1,
          2,
          null,
          null,
          1,
          2,
          2,
          4,
          4,
          null,
          null,
          2,
          null,
          null,
          1,
          2,
          1,
          null,
          1,
          1,
          1,
          null,
          null,
          1,
          1,
          1,
          null,
          null,
          1,
          7,
          null,
          null,
          1,
          3,
          null,
          null,
          1,
          2,
          null,
          null,
          1,
          1,
          1,
          2,
          null,
          1,
          null,
          null,
          null
        ]
      },
      "/Users/macbook/RubymineProjects/test_cr_api/app/jobs/application_job.rb": {
        "lines": [
          0,
          0
        ],
        "branches": {
        }
      }
    },
    "timestamp": 1592835163
  }
}
